CRITICAL - 2024-09-13 14:59:06 --> CodeIgniter\View\Exceptions\ViewException: Invalid file: "service.php"
[Method: GET, Route: services]
in SYSTEMPATH/Exceptions/FrameworkException.php on line 41.
 1 SYSTEMPATH/View/View.php(222): CodeIgniter\Exceptions\FrameworkException::forInvalidFile('service.php')
 2 SYSTEMPATH/Common.php(1169): CodeIgniter\View\View->render('service', [], true)
 3 APPPATH/Controllers/Services.php(10): view('service')
 4 SYSTEMPATH/CodeIgniter.php(933): App\Controllers\Services->index()
 5 SYSTEMPATH/CodeIgniter.php(509): CodeIgniter\CodeIgniter->runController(Object(App\Controllers\Services))
 6 SYSTEMPATH/CodeIgniter.php(355): CodeIgniter\CodeIgniter->handleRequest(null, Object(Config\Cache), false)
 7 SYSTEMPATH/Boot.php(325): CodeIgniter\CodeIgniter->run()
 8 SYSTEMPATH/Boot.php(67): CodeIgniter\Boot::runCodeIgniter(Object(CodeIgniter\CodeIgniter))
 9 FCPATH/index.php(56): CodeIgniter\Boot::bootWeb(Object(Config\Paths))
10 SYSTEMPATH/rewrite.php(44): require_once('/Applications/XAMPP/xamppfiles/htdocs/JaguarSteel/public/index.php')
CRITICAL - 2024-09-13 16:04:02 --> CodeIgniter\View\Exceptions\ViewException: Invalid file: "service.php"
[Method: GET, Route: services]
in SYSTEMPATH/Exceptions/FrameworkException.php on line 41.
 1 SYSTEMPATH/View/View.php(222): CodeIgniter\Exceptions\FrameworkException::forInvalidFile('service.php')
 2 SYSTEMPATH/Common.php(1169): CodeIgniter\View\View->render('service', [], true)
 3 APPPATH/Controllers/Services.php(10): view('service')
 4 SYSTEMPATH/CodeIgniter.php(933): App\Controllers\Services->index()
 5 SYSTEMPATH/CodeIgniter.php(509): CodeIgniter\CodeIgniter->runController(Object(App\Controllers\Services))
 6 SYSTEMPATH/CodeIgniter.php(355): CodeIgniter\CodeIgniter->handleRequest(null, Object(Config\Cache), false)
 7 SYSTEMPATH/Boot.php(325): CodeIgniter\CodeIgniter->run()
 8 SYSTEMPATH/Boot.php(67): CodeIgniter\Boot::runCodeIgniter(Object(CodeIgniter\CodeIgniter))
 9 FCPATH/index.php(56): CodeIgniter\Boot::bootWeb(Object(Config\Paths))
10 SYSTEMPATH/rewrite.php(44): require_once('/Applications/XAMPP/xamppfiles/htdocs/JaguarSteel/public/index.php')
